[14:59:11][workspace] xml "D:\zjxl\project\testbh\Resources/./behaviac/exported/..\cocos_behaviac_workspace.workspace.xml"
[14:59:11][frame]0
[14:59:11][jump]NPC#NPC_0_0 npc.xml
[14:59:11][tick]NPC#NPC_0_0 npc.xml->BehaviorTree[65535]:enter [success] [1]
[14:59:11][tick]NPC#NPC_0_0 npc.xml->BehaviorTree[65535]:update [running] [1]
[14:59:11][tick]NPC#NPC_0_0 npc.xml->Sequence[1]:enter [success] [1]
[14:59:11][tick]NPC#NPC_0_0 npc.xml->Sequence[1]:update [running] [1]
[14:59:11][tick]NPC#NPC_0_0 npc.xml->Action[0]:enter [success] [1]
[14:59:11][tick]NPC#NPC_0_0 npc.xml->Action[0]:update [running] [1]
[14:59:11][tick]NPC#NPC_0_0 npc.xml->Action[0]:exit [success] [1]
[14:59:11][tick]NPC#NPC_0_0 npc.xml->Action[2]:enter [success] [1]
[14:59:11][tick]NPC#NPC_0_0 npc.xml->Action[2]:update [running] [1]
[14:59:11][tick]NPC#NPC_0_0 npc.xml->Action[2]:exit [success] [1]
[14:59:11][tick]NPC#NPC_0_0 npc.xml->Action[3]:enter [success] [1]
[14:59:11][tick]NPC#NPC_0_0 npc.xml->Action[3]:update [running] [1]
[14:59:11][tick]NPC#NPC_0_0 npc.xml->Action[3]:exit [success] [1]
[14:59:11][tick]NPC#NPC_0_0 npc.xml->Action[4]:enter [success] [1]
[14:59:11][tick]NPC#NPC_0_0 npc.xml->Action[4]:update [running] [1]
[14:59:11][tick]NPC#NPC_0_0 npc.xml->Action[4]:exit [success] [1]
[14:59:11][tick]NPC#NPC_0_0 npc.xml->DecoratorLoop[5]:enter [success] [1]
[14:59:11][tick]NPC#NPC_0_0 npc.xml->DecoratorLoop[5]:update [running] [1]
[14:59:11][tick]NPC#NPC_0_0 npc.xml->Parallel[9]:enter [success] [1]
[14:59:11][tick]NPC#NPC_0_0 npc.xml->Parallel[9]:update [running] [1]
[14:59:11][tick]NPC#NPC_0_0 npc.xml->Sequence[7]:enter [success] [1]
[14:59:11][tick]NPC#NPC_0_0 npc.xml->Sequence[7]:update [running] [1]
[14:59:11][tick]NPC#NPC_0_0 npc.xml->Action[6]:enter [success] [1]
[14:59:11][tick]NPC#NPC_0_0 npc.xml->Action[6]:update [running] [1]
[14:59:11][tick]NPC#NPC_0_0 npc.xml->Action[6]:exit [success] [1]
[14:59:11][tick]NPC#NPC_0_0 npc.xml->WaitFrames[8]:enter [success] [1]
[14:59:11][tick]NPC#NPC_0_0 npc.xml->WaitFrames[8]:update [running] [1]
[14:59:11][tick]NPC#NPC_0_0 npc.xml->Sequence[10]:enter [success] [1]
[14:59:11][tick]NPC#NPC_0_0 npc.xml->Sequence[10]:update [running] [1]
[14:59:11][tick]NPC#NPC_0_0 npc.xml->Assignment[11]:enter [success] [1]
[14:59:11][tick]NPC#NPC_0_0 npc.xml->Assignment[11]:update [running] [1]
[14:59:11][tick]NPC#NPC_0_0 npc.xml->Assignment[11]:exit [success] [1]
[14:59:11][tick]NPC#NPC_0_0 npc.xml->WaitFrames[12]:enter [success] [1]
[14:59:11][tick]NPC#NPC_0_0 npc.xml->WaitFrames[12]:update [running] [1]
[14:59:11][property]NPC#NPC_0_0 NPC::Level3Up_Score->500
[14:59:11][property]NPC#NPC_0_0 NPC::Level1Up_Score->0
[14:59:11][property]NPC#NPC_0_0 NPC::m_canBossRefresh->true
[14:59:11][property]NPC#NPC_0_0 NPC::m_level->0
[14:59:11][property]NPC#NPC_0_0 NPC::Level4Up_Score->1000
[14:59:11][property]NPC#NPC_0_0 NPC::Level2Up_Score->200
[14:59:11][property]NPC#NPC_0_0 vector<int> delayTime->5:20|15|10|5|2|
[14:59:11][jump]Hero#Hero_0_1 hero.xml
[14:59:11][tick]Hero#Hero_0_1 hero.xml->BehaviorTree[65535]:enter [success] [1]
[14:59:11][tick]Hero#Hero_0_1 hero.xml->BehaviorTree[65535]:update [running] [1]
[14:59:11][tick]Hero#Hero_0_1 hero.xml->FSM[65535]:enter [success] [1]
[14:59:11][tick]Hero#Hero_0_1 hero.xml->FSM[65535]:update [running] [1]
[14:59:11][tick]Hero#Hero_0_1 hero.xml->State[1]:enter [success] [1]
[14:59:11][tick]Hero#Hero_0_1 hero.xml->State[1]:update [running] [1]
[14:59:11][tick]Hero#Hero_0_1 hero.xml->State[1]:transition [running] [1]
[14:59:11][tick]Hero#Hero_0_1 hero.xml->State[1]:exit [success] [1]
[14:59:11][tick]Hero#Hero_0_1 hero.xml->State[9]:enter [success] [1]
[14:59:11][tick]Hero#Hero_0_1 hero.xml->State[9]:update [running] [1]
[14:59:11][tick]Hero#Hero_0_1 hero.xml->State[9]:transition [running] [1]
[14:59:11][tick]Hero#Hero_0_1 hero.xml->State[9]:exit [success] [1]
[14:59:11][tick]Hero#Hero_0_1 hero.xml->State[10]:enter [success] [1]
[14:59:11][tick]Hero#Hero_0_1 hero.xml->State[10]:update [running] [1]
[14:59:11][tick]Hero#Hero_0_1 hero.xml->State[10]:transition [running] [1]
[14:59:11][tick]Hero#Hero_0_1 hero.xml->State[10]:exit [success] [1]
[14:59:11][tick]Hero#Hero_0_1 hero.xml->State[14]:enter [success] [1]
[14:59:11][tick]Hero#Hero_0_1 hero.xml->State[14]:update [running] [1]
[14:59:11][property]Hero#Hero_0_1 Hero::m_isAI->true
[14:59:11][jump]Enemy#Enemy_0_2 enemy_fsm.xml
[14:59:11][tick]Enemy#Enemy_0_2 enemy_fsm.xml->BehaviorTree[65535]:enter [success] [1]
[14:59:11][tick]Enemy#Enemy_0_2 enemy_fsm.xml->BehaviorTree[65535]:update [running] [1]
[14:59:11][tick]Enemy#Enemy_0_2 enemy_fsm.xml->FSM[65535]:enter [success] [1]
[14:59:11][tick]Enemy#Enemy_0_2 enemy_fsm.xml->FSM[65535]:update [running] [1]
[14:59:11][tick]Enemy#Enemy_0_2 enemy_fsm.xml->State[1]:enter [success] [1]
[14:59:11][tick]Enemy#Enemy_0_2 enemy_fsm.xml->State[1]:update [running] [1]
[14:59:11][tick]Enemy#Enemy_0_2 enemy_fsm.xml->State[1]:transition [running] [1]
[14:59:11][tick]Enemy#Enemy_0_2 enemy_fsm.xml->State[1]:exit [success] [1]
[14:59:11][tick]Enemy#Enemy_0_2 enemy_fsm.xml->State[2]:enter [success] [1]
[14:59:11][tick]Enemy#Enemy_0_2 enemy_fsm.xml->State[2]:update [running] [1]
[14:59:11][tick]Enemy#Enemy_0_2 enemy_fsm.xml->State[2]:transition [running] [1]
[14:59:11][tick]Enemy#Enemy_0_2 enemy_fsm.xml->State[2]:exit [success] [1]
[14:59:11][tick]Enemy#Enemy_0_2 enemy_fsm.xml->WaitFramesState[16]:enter [success] [1]
[14:59:11][tick]Enemy#Enemy_0_2 enemy_fsm.xml->WaitFramesState[16]:update [running] [1]
[14:59:11][property]Enemy#Enemy_0_2 int enemyType->0
[14:59:11][property]Enemy#Enemy_0_2 int frameCount->0
[14:59:11][property]Enemy#Enemy_0_2 vector<float> m_init_speed->4:50.000000|50.000000|100.000000|150.000000|
[14:59:11][property]Enemy#Enemy_0_2 float initSpeed->50.000000
[14:59:11][property]Enemy#Enemy_0_2 float randomSpeed->26.528187
[14:59:11][frame]1
[14:59:11][tick]NPC#NPC_0_0 npc.xml->BehaviorTree[65535]:update [running] [2]
[14:59:11][tick]NPC#NPC_0_0 npc.xml->DecoratorLoop[5]:update [running] [2]
[14:59:11][tick]NPC#NPC_0_0 npc.xml->Parallel[9]:update [running] [2]
[14:59:11][tick]NPC#NPC_0_0 npc.xml->Sequence[7]:update [running] [2]
[14:59:11][tick]NPC#NPC_0_0 npc.xml->WaitFrames[8]:update [running] [2]
[14:59:11][tick]NPC#NPC_0_0 npc.xml->Sequence[10]:update [running] [2]
[14:59:11][tick]NPC#NPC_0_0 npc.xml->WaitFrames[12]:update [running] [2]
[14:59:11][property]NPC#NPC_0_0 NPC::Level1Up_Score->30
[14:59:11][property]NPC#NPC_0_0 NPC::Level4Up_Score->800
[14:59:11][tick]Hero#Hero_0_1 hero.xml->BehaviorTree[65535]:update [running] [2]
[14:59:11][tick]Hero#Hero_0_1 hero.xml->FSM[65535]:update [running] [2]
[14:59:11][tick]Hero#Hero_0_1 hero.xml->State[14]:update [running] [2]
[14:59:11][tick]Enemy#Enemy_0_2 enemy_fsm.xml->BehaviorTree[65535]:update [running] [2]
[14:59:11][tick]Enemy#Enemy_0_2 enemy_fsm.xml->FSM[65535]:update [running] [2]
[14:59:11][tick]Enemy#Enemy_0_2 enemy_fsm.xml->WaitFramesState[16]:update [running] [2]
[14:59:11][frame]2
[14:59:11][tick]NPC#NPC_0_0 npc.xml->BehaviorTree[65535]:update [running] [3]
[14:59:11][tick]NPC#NPC_0_0 npc.xml->DecoratorLoop[5]:update [running] [3]
[14:59:11][tick]NPC#NPC_0_0 npc.xml->Parallel[9]:update [running] [3]
[14:59:11][tick]NPC#NPC_0_0 npc.xml->Sequence[7]:update [running] [3]
[14:59:11][tick]NPC#NPC_0_0 npc.xml->WaitFrames[8]:update [running] [3]
[14:59:11][tick]NPC#NPC_0_0 npc.xml->Sequence[10]:update [running] [3]
[14:59:11][tick]NPC#NPC_0_0 npc.xml->WaitFrames[12]:update [running] [3]
[14:59:11][tick]Hero#Hero_0_1 hero.xml->BehaviorTree[65535]:update [running] [3]
[14:59:11][tick]Hero#Hero_0_1 hero.xml->FSM[65535]:update [running] [3]
[14:59:11][tick]Hero#Hero_0_1 hero.xml->State[14]:update [running] [3]
[14:59:11][tick]Enemy#Enemy_0_2 enemy_fsm.xml->BehaviorTree[65535]:update [running] [3]
[14:59:11][tick]Enemy#Enemy_0_2 enemy_fsm.xml->FSM[65535]:update [running] [3]
[14:59:11][tick]Enemy#Enemy_0_2 enemy_fsm.xml->WaitFramesState[16]:update [running] [3]
[14:59:11][tick]Enemy#Enemy_0_2 enemy_fsm.xml->WaitFramesState[16]:transition [running] [1]
[14:59:11][tick]Enemy#Enemy_0_2 enemy_fsm.xml->WaitFramesState[16]:exit [success] [1]
[14:59:11][tick]Enemy#Enemy_0_2 enemy_fsm.xml->State[2]:enter [success] [2]
[14:59:11][tick]Enemy#Enemy_0_2 enemy_fsm.xml->State[2]:update [running] [2]
[14:59:11][tick]Enemy#Enemy_0_2 enemy_fsm.xml->State[2]:transition [running] [2]
[14:59:11][tick]Enemy#Enemy_0_2 enemy_fsm.xml->State[2]:exit [success] [2]
[14:59:11][tick]Enemy#Enemy_0_2 enemy_fsm.xml->WaitFramesState[16]:enter [success] [2]
[14:59:11][tick]Enemy#Enemy_0_2 enemy_fsm.xml->WaitFramesState[16]:update [running] [4]
[14:59:11][property]Enemy#Enemy_0_2 float randomSpeed->52.261692
[14:59:11][frame]3
[14:59:11][tick]NPC#NPC_0_0 npc.xml->BehaviorTree[65535]:update [running] [4]
[14:59:11][tick]NPC#NPC_0_0 npc.xml->DecoratorLoop[5]:update [running] [4]
[14:59:11][tick]NPC#NPC_0_0 npc.xml->Parallel[9]:update [running] [4]
[14:59:11][tick]NPC#NPC_0_0 npc.xml->Sequence[7]:update [running] [4]
[14:59:11][tick]NPC#NPC_0_0 npc.xml->WaitFrames[8]:update [running] [4]
[14:59:11][tick]NPC#NPC_0_0 npc.xml->Sequence[10]:update [running] [4]
[14:59:11][tick]NPC#NPC_0_0 npc.xml->WaitFrames[12]:update [running] [4]
[14:59:11][tick]Hero#Hero_0_1 hero.xml->BehaviorTree[65535]:update [running] [4]
[14:59:11][tick]Hero#Hero_0_1 hero.xml->FSM[65535]:update [running] [4]
[14:59:11][tick]Hero#Hero_0_1 hero.xml->State[14]:update [running] [4]
[14:59:11][tick]Enemy#Enemy_0_2 enemy_fsm.xml->BehaviorTree[65535]:update [running] [4]
[14:59:11][tick]Enemy#Enemy_0_2 enemy_fsm.xml->FSM[65535]:update [running] [4]
[14:59:11][tick]Enemy#Enemy_0_2 enemy_fsm.xml->WaitFramesState[16]:update [running] [5]
[14:59:12][frame]4
[14:59:12][tick]NPC#NPC_0_0 npc.xml->BehaviorTree[65535]:update [running] [5]
[14:59:12][tick]NPC#NPC_0_0 npc.xml->DecoratorLoop[5]:update [running] [5]
[14:59:12][tick]NPC#NPC_0_0 npc.xml->Parallel[9]:update [running] [5]
[14:59:12][tick]NPC#NPC_0_0 npc.xml->Sequence[7]:update [running] [5]
[14:59:12][tick]NPC#NPC_0_0 npc.xml->WaitFrames[8]:update [running] [5]
[14:59:12][tick]NPC#NPC_0_0 npc.xml->Sequence[10]:update [running] [5]
[14:59:12][tick]NPC#NPC_0_0 npc.xml->WaitFrames[12]:update [running] [5]
[14:59:12][tick]Hero#Hero_0_1 hero.xml->BehaviorTree[65535]:update [running] [5]
[14:59:12][tick]Hero#Hero_0_1 hero.xml->FSM[65535]:update [running] [5]
[14:59:12][tick]Hero#Hero_0_1 hero.xml->State[14]:update [running] [5]
[14:59:12][tick]Enemy#Enemy_0_2 enemy_fsm.xml->BehaviorTree[65535]:update [running] [5]
[14:59:12][tick]Enemy#Enemy_0_2 enemy_fsm.xml->FSM[65535]:update [running] [5]
[14:59:12][tick]Enemy#Enemy_0_2 enemy_fsm.xml->WaitFramesState[16]:update [running] [6]
[14:59:12][tick]Enemy#Enemy_0_2 enemy_fsm.xml->WaitFramesState[16]:transition [running] [2]
[14:59:12][tick]Enemy#Enemy_0_2 enemy_fsm.xml->WaitFramesState[16]:exit [success] [2]
[14:59:12][tick]Enemy#Enemy_0_2 enemy_fsm.xml->State[2]:enter [success] [3]
[14:59:12][tick]Enemy#Enemy_0_2 enemy_fsm.xml->State[2]:update [running] [3]
[14:59:12][tick]Enemy#Enemy_0_2 enemy_fsm.xml->State[2]:transition [running] [3]
[14:59:12][tick]Enemy#Enemy_0_2 enemy_fsm.xml->State[2]:exit [success] [3]
[14:59:12][tick]Enemy#Enemy_0_2 enemy_fsm.xml->WaitFramesState[16]:enter [success] [3]
[14:59:12][tick]Enemy#Enemy_0_2 enemy_fsm.xml->WaitFramesState[16]:update [running] [7]
[14:59:12][property]Enemy#Enemy_0_2 float randomSpeed->51.275692
[14:59:12][frame]5
[14:59:12][tick]NPC#NPC_0_0 npc.xml->BehaviorTree[65535]:update [running] [6]
[14:59:12][tick]NPC#NPC_0_0 npc.xml->DecoratorLoop[5]:update [running] [6]
[14:59:12][tick]NPC#NPC_0_0 npc.xml->Parallel[9]:update [running] [6]
[14:59:12][tick]NPC#NPC_0_0 npc.xml->Sequence[7]:update [running] [6]
[14:59:12][tick]NPC#NPC_0_0 npc.xml->WaitFrames[8]:update [running] [6]
[14:59:12][tick]NPC#NPC_0_0 npc.xml->Sequence[10]:update [running] [6]
[14:59:12][tick]NPC#NPC_0_0 npc.xml->WaitFrames[12]:update [running] [6]
[14:59:12][tick]Hero#Hero_0_1 hero.xml->BehaviorTree[65535]:update [running] [6]
[14:59:12][tick]Hero#Hero_0_1 hero.xml->FSM[65535]:update [running] [6]
[14:59:12][tick]Hero#Hero_0_1 hero.xml->State[14]:update [running] [6]
[14:59:12][tick]Enemy#Enemy_0_2 enemy_fsm.xml->BehaviorTree[65535]:update [running] [6]
[14:59:12][tick]Enemy#Enemy_0_2 enemy_fsm.xml->FSM[65535]:update [running] [6]
[14:59:12][tick]Enemy#Enemy_0_2 enemy_fsm.xml->WaitFramesState[16]:update [running] [8]
[14:59:12][frame]6
[14:59:12][tick]NPC#NPC_0_0 npc.xml->BehaviorTree[65535]:update [running] [7]
[14:59:12][tick]NPC#NPC_0_0 npc.xml->DecoratorLoop[5]:update [running] [7]
[14:59:12][tick]NPC#NPC_0_0 npc.xml->Parallel[9]:update [running] [7]
[14:59:12][tick]NPC#NPC_0_0 npc.xml->Sequence[7]:update [running] [7]
[14:59:12][tick]NPC#NPC_0_0 npc.xml->WaitFrames[8]:update [running] [7]
[14:59:12][tick]NPC#NPC_0_0 npc.xml->Sequence[10]:update [running] [7]
[14:59:12][tick]NPC#NPC_0_0 npc.xml->WaitFrames[12]:update [running] [7]
[14:59:12][tick]Hero#Hero_0_1 hero.xml->BehaviorTree[65535]:update [running] [7]
[14:59:12][tick]Hero#Hero_0_1 hero.xml->FSM[65535]:update [running] [7]
[14:59:12][tick]Hero#Hero_0_1 hero.xml->State[14]:update [running] [7]
[14:59:12][tick]Enemy#Enemy_0_2 enemy_fsm.xml->BehaviorTree[65535]:update [running] [7]
[14:59:12][tick]Enemy#Enemy_0_2 enemy_fsm.xml->FSM[65535]:update [running] [7]
[14:59:12][tick]Enemy#Enemy_0_2 enemy_fsm.xml->WaitFramesState[16]:update [running] [9]
[14:59:12][tick]Enemy#Enemy_0_2 enemy_fsm.xml->WaitFramesState[16]:transition [running] [3]
[14:59:12][tick]Enemy#Enemy_0_2 enemy_fsm.xml->WaitFramesState[16]:exit [success] [3]
[14:59:12][tick]Enemy#Enemy_0_2 enemy_fsm.xml->State[2]:enter [success] [4]
[14:59:12][tick]Enemy#Enemy_0_2 enemy_fsm.xml->State[2]:update [running] [4]
[14:59:12][tick]Enemy#Enemy_0_2 enemy_fsm.xml->State[2]:transition [running] [4]
[14:59:12][tick]Enemy#Enemy_0_2 enemy_fsm.xml->State[2]:exit [success] [4]
[14:59:12][tick]Enemy#Enemy_0_2 enemy_fsm.xml->WaitFramesState[16]:enter [success] [4]
[14:59:12][tick]Enemy#Enemy_0_2 enemy_fsm.xml->WaitFramesState[16]:update [running] [10]
[14:59:12][property]Enemy#Enemy_0_2 float randomSpeed->59.364361
[14:59:12][frame]7
[14:59:12][tick]NPC#NPC_0_0 npc.xml->BehaviorTree[65535]:update [running] [8]
[14:59:12][tick]NPC#NPC_0_0 npc.xml->DecoratorLoop[5]:update [running] [8]
[14:59:12][tick]NPC#NPC_0_0 npc.xml->Parallel[9]:update [running] [8]
[14:59:12][tick]NPC#NPC_0_0 npc.xml->Sequence[7]:update [running] [8]
[14:59:12][tick]NPC#NPC_0_0 npc.xml->WaitFrames[8]:update [running] [8]
[14:59:12][tick]NPC#NPC_0_0 npc.xml->Sequence[10]:update [running] [8]
[14:59:12][tick]NPC#NPC_0_0 npc.xml->WaitFrames[12]:update [running] [8]
[14:59:12][tick]Hero#Hero_0_1 hero.xml->BehaviorTree[65535]:update [running] [8]
[14:59:12][tick]Hero#Hero_0_1 hero.xml->FSM[65535]:update [running] [8]
[14:59:12][tick]Hero#Hero_0_1 hero.xml->State[14]:update [running] [8]
[14:59:12][tick]Enemy#Enemy_0_2 enemy_fsm.xml->BehaviorTree[65535]:update [running] [8]
[14:59:12][tick]Enemy#Enemy_0_2 enemy_fsm.xml->FSM[65535]:update [running] [8]
[14:59:12][tick]Enemy#Enemy_0_2 enemy_fsm.xml->WaitFramesState[16]:update [running] [11]
[14:59:12][frame]8
[14:59:12][tick]NPC#NPC_0_0 npc.xml->BehaviorTree[65535]:update [running] [9]
[14:59:12][tick]NPC#NPC_0_0 npc.xml->DecoratorLoop[5]:update [running] [9]
[14:59:12][tick]NPC#NPC_0_0 npc.xml->Parallel[9]:update [running] [9]
[14:59:12][tick]NPC#NPC_0_0 npc.xml->Sequence[7]:update [running] [9]
[14:59:12][tick]NPC#NPC_0_0 npc.xml->WaitFrames[8]:update [running] [9]
[14:59:12][tick]NPC#NPC_0_0 npc.xml->Sequence[10]:update [running] [9]
[14:59:12][tick]NPC#NPC_0_0 npc.xml->WaitFrames[12]:update [running] [9]
[14:59:12][tick]Hero#Hero_0_1 hero.xml->BehaviorTree[65535]:update [running] [9]
[14:59:12][tick]Hero#Hero_0_1 hero.xml->FSM[65535]:update [running] [9]
[14:59:12][tick]Hero#Hero_0_1 hero.xml->State[14]:update [running] [9]
[14:59:12][tick]Enemy#Enemy_0_2 enemy_fsm.xml->BehaviorTree[65535]:update [running] [9]
[14:59:12][tick]Enemy#Enemy_0_2 enemy_fsm.xml->FSM[65535]:update [running] [9]
[14:59:12][tick]Enemy#Enemy_0_2 enemy_fsm.xml->WaitFramesState[16]:update [running] [12]
[14:59:12][tick]Enemy#Enemy_0_2 enemy_fsm.xml->WaitFramesState[16]:transition [running] [4]
[14:59:12][tick]Enemy#Enemy_0_2 enemy_fsm.xml->WaitFramesState[16]:exit [success] [4]
[14:59:12][tick]Enemy#Enemy_0_2 enemy_fsm.xml->State[2]:enter [success] [5]
[14:59:12][tick]Enemy#Enemy_0_2 enemy_fsm.xml->State[2]:update [running] [5]
[14:59:12][tick]Enemy#Enemy_0_2 enemy_fsm.xml->State[2]:transition [running] [5]
[14:59:12][tick]Enemy#Enemy_0_2 enemy_fsm.xml->State[2]:exit [success] [5]
[14:59:12][tick]Enemy#Enemy_0_2 enemy_fsm.xml->WaitFramesState[16]:enter [success] [5]
[14:59:12][tick]Enemy#Enemy_0_2 enemy_fsm.xml->WaitFramesState[16]:update [running] [13]
[14:59:12][property]Enemy#Enemy_0_2 float randomSpeed->31.305769
[14:59:12][frame]9
[14:59:12][tick]NPC#NPC_0_0 npc.xml->BehaviorTree[65535]:update [running] [10]
[14:59:12][tick]NPC#NPC_0_0 npc.xml->DecoratorLoop[5]:update [running] [10]
[14:59:12][tick]NPC#NPC_0_0 npc.xml->Parallel[9]:update [running] [10]
[14:59:12][tick]NPC#NPC_0_0 npc.xml->Sequence[7]:update [running] [10]
[14:59:12][tick]NPC#NPC_0_0 npc.xml->WaitFrames[8]:update [running] [10]
[14:59:12][tick]NPC#NPC_0_0 npc.xml->Sequence[10]:update [running] [10]
[14:59:12][tick]NPC#NPC_0_0 npc.xml->WaitFrames[12]:update [running] [10]
[14:59:12][tick]Hero#Hero_0_1 hero.xml->BehaviorTree[65535]:update [running] [10]
[14:59:12][tick]Hero#Hero_0_1 hero.xml->FSM[65535]:update [running] [10]
[14:59:12][tick]Hero#Hero_0_1 hero.xml->State[14]:update [running] [10]
[14:59:12][tick]Hero#Hero_0_1 hero.xml->State[14]:transition [running] [1]
[14:59:12][tick]Hero#Hero_0_1 hero.xml->State[14]:exit [success] [1]
[14:59:12][tick]Hero#Hero_0_1 hero.xml->State[1]:enter [success] [2]
[14:59:12][tick]Hero#Hero_0_1 hero.xml->State[1]:update [running] [2]
[14:59:12][tick]Hero#Hero_0_1 hero.xml->State[1]:transition [running] [2]
[14:59:12][tick]Hero#Hero_0_1 hero.xml->State[1]:exit [success] [2]
[14:59:12][tick]Hero#Hero_0_1 hero.xml->State[9]:enter [success] [2]
[14:59:12][tick]Hero#Hero_0_1 hero.xml->State[9]:update [running] [2]
[14:59:12][tick]Hero#Hero_0_1 hero.xml->State[9]:transition [running] [2]
[14:59:12][tick]Hero#Hero_0_1 hero.xml->State[9]:exit [success] [2]
[14:59:12][tick]Hero#Hero_0_1 hero.xml->State[10]:enter [success] [2]
[14:59:12][tick]Hero#Hero_0_1 hero.xml->State[10]:update [running] [2]
[14:59:12][tick]Hero#Hero_0_1 hero.xml->State[10]:transition [running] [2]
[14:59:12][tick]Hero#Hero_0_1 hero.xml->State[10]:exit [success] [2]
[14:59:12][tick]Hero#Hero_0_1 hero.xml->State[14]:enter [success] [2]
[14:59:12][tick]Hero#Hero_0_1 hero.xml->State[14]:update [running] [11]
[14:59:12][tick]Enemy#Enemy_0_2 enemy_fsm.xml->BehaviorTree[65535]:update [running] [10]
[14:59:12][tick]Enemy#Enemy_0_2 enemy_fsm.xml->FSM[65535]:update [running] [10]
[14:59:12][tick]Enemy#Enemy_0_2 enemy_fsm.xml->WaitFramesState[16]:update [running] [14]
[14:59:12][frame]10
[14:59:12][tick]NPC#NPC_0_0 npc.xml->BehaviorTree[65535]:update [running] [11]
[14:59:12][tick]NPC#NPC_0_0 npc.xml->DecoratorLoop[5]:update [running] [11]
[14:59:12][tick]NPC#NPC_0_0 npc.xml->Parallel[9]:update [running] [11]
[14:59:12][tick]NPC#NPC_0_0 npc.xml->Sequence[7]:update [running] [11]
[14:59:12][tick]NPC#NPC_0_0 npc.xml->WaitFrames[8]:update [running] [11]
[14:59:12][tick]NPC#NPC_0_0 npc.xml->Sequence[10]:update [running] [11]
[14:59:12][tick]NPC#NPC_0_0 npc.xml->WaitFrames[12]:update [running] [11]
[14:59:12][tick]Hero#Hero_0_1 hero.xml->BehaviorTree[65535]:update [running] [11]
[14:59:12][tick]Hero#Hero_0_1 hero.xml->FSM[65535]:update [running] [11]
[14:59:12][tick]Hero#Hero_0_1 hero.xml->State[14]:update [running] [12]
[14:59:12][tick]Enemy#Enemy_0_2 enemy_fsm.xml->BehaviorTree[65535]:update [running] [11]
[14:59:12][tick]Enemy#Enemy_0_2 enemy_fsm.xml->FSM[65535]:update [running] [11]
[14:59:12][tick]Enemy#Enemy_0_2 enemy_fsm.xml->WaitFramesState[16]:update [running] [15]
[14:59:12][tick]Enemy#Enemy_0_2 enemy_fsm.xml->WaitFramesState[16]:transition [running] [5]
[14:59:12][tick]Enemy#Enemy_0_2 enemy_fsm.xml->WaitFramesState[16]:exit [success] [5]
[14:59:12][tick]Enemy#Enemy_0_2 enemy_fsm.xml->State[2]:enter [success] [6]
[14:59:12][tick]Enemy#Enemy_0_2 enemy_fsm.xml->State[2]:update [running] [6]
[14:59:12][tick]Enemy#Enemy_0_2 enemy_fsm.xml->State[2]:transition [running] [6]
[14:59:12][tick]Enemy#Enemy_0_2 enemy_fsm.xml->State[2]:exit [success] [6]
[14:59:12][tick]Enemy#Enemy_0_2 enemy_fsm.xml->WaitFramesState[16]:enter [success] [6]
[14:59:12][tick]Enemy#Enemy_0_2 enemy_fsm.xml->WaitFramesState[16]:update [running] [16]
[14:59:12][property]Enemy#Enemy_0_2 float randomSpeed->31.848186
[14:59:12][frame]11
[14:59:12][tick]NPC#NPC_0_0 npc.xml->BehaviorTree[65535]:update [running] [12]
[14:59:12][tick]NPC#NPC_0_0 npc.xml->DecoratorLoop[5]:update [running] [12]
[14:59:12][tick]NPC#NPC_0_0 npc.xml->Parallel[9]:update [running] [12]
[14:59:12][tick]NPC#NPC_0_0 npc.xml->Sequence[7]:update [running] [12]
[14:59:12][tick]NPC#NPC_0_0 npc.xml->WaitFrames[8]:update [running] [12]
[14:59:12][tick]NPC#NPC_0_0 npc.xml->Sequence[10]:update [running] [12]
[14:59:12][tick]NPC#NPC_0_0 npc.xml->WaitFrames[12]:update [running] [12]
[14:59:12][tick]Hero#Hero_0_1 hero.xml->BehaviorTree[65535]:update [running] [12]
[14:59:12][tick]Hero#Hero_0_1 hero.xml->FSM[65535]:update [running] [12]
[14:59:12][tick]Hero#Hero_0_1 hero.xml->State[14]:update [running] [13]
[14:59:12][tick]Enemy#Enemy_0_2 enemy_fsm.xml->BehaviorTree[65535]:update [running] [12]
[14:59:12][tick]Enemy#Enemy_0_2 enemy_fsm.xml->FSM[65535]:update [running] [12]
[14:59:12][tick]Enemy#Enemy_0_2 enemy_fsm.xml->WaitFramesState[16]:update [running] [17]
[14:59:12][frame]12
[14:59:12][tick]NPC#NPC_0_0 npc.xml->BehaviorTree[65535]:update [running] [13]
[14:59:12][tick]NPC#NPC_0_0 npc.xml->DecoratorLoop[5]:update [running] [13]
[14:59:12][tick]NPC#NPC_0_0 npc.xml->Parallel[9]:update [running] [13]
[14:59:12][tick]NPC#NPC_0_0 npc.xml->Sequence[7]:update [running] [13]
[14:59:12][tick]NPC#NPC_0_0 npc.xml->WaitFrames[8]:update [running] [13]
[14:59:12][tick]NPC#NPC_0_0 npc.xml->Sequence[10]:update [running] [13]
[14:59:12][tick]NPC#NPC_0_0 npc.xml->WaitFrames[12]:update [running] [13]
[14:59:12][tick]Hero#Hero_0_1 hero.xml->BehaviorTree[65535]:update [running] [13]
[14:59:12][tick]Hero#Hero_0_1 hero.xml->FSM[65535]:update [running] [13]
[14:59:12][tick]Hero#Hero_0_1 hero.xml->State[14]:update [running] [14]
[14:59:12][tick]Enemy#Enemy_0_2 enemy_fsm.xml->BehaviorTree[65535]:update [running] [13]
[14:59:12][tick]Enemy#Enemy_0_2 enemy_fsm.xml->FSM[65535]:update [running] [13]
[14:59:12][tick]Enemy#Enemy_0_2 enemy_fsm.xml->WaitFramesState[16]:update [running] [18]
[14:59:12][tick]Enemy#Enemy_0_2 enemy_fsm.xml->WaitFramesState[16]:transition [running] [6]
[14:59:12][tick]Enemy#Enemy_0_2 enemy_fsm.xml->WaitFramesState[16]:exit [success] [6]
[14:59:12][tick]Enemy#Enemy_0_2 enemy_fsm.xml->State[2]:enter [success] [7]
[14:59:12][tick]Enemy#Enemy_0_2 enemy_fsm.xml->State[2]:update [running] [7]
[14:59:12][tick]Enemy#Enemy_0_2 enemy_fsm.xml->State[2]:transition [running] [7]
[14:59:12][tick]Enemy#Enemy_0_2 enemy_fsm.xml->State[2]:exit [success] [7]
[14:59:12][tick]Enemy#Enemy_0_2 enemy_fsm.xml->WaitFramesState[16]:enter [success] [7]
[14:59:12][tick]Enemy#Enemy_0_2 enemy_fsm.xml->WaitFramesState[16]:update [running] [19]
[14:59:12][property]Enemy#Enemy_0_2 float randomSpeed->56.978130
[14:59:12][frame]13
[14:59:12][tick]NPC#NPC_0_0 npc.xml->BehaviorTree[65535]:update [running] [14]
[14:59:12][tick]NPC#NPC_0_0 npc.xml->DecoratorLoop[5]:update [running] [14]
[14:59:12][tick]NPC#NPC_0_0 npc.xml->Parallel[9]:update [running] [14]
[14:59:12][tick]NPC#NPC_0_0 npc.xml->Sequence[7]:update [running] [14]
[14:59:12][tick]NPC#NPC_0_0 npc.xml->WaitFrames[8]:update [running] [14]
[14:59:12][tick]NPC#NPC_0_0 npc.xml->Sequence[10]:update [running] [14]
[14:59:12][tick]NPC#NPC_0_0 npc.xml->WaitFrames[12]:update [running] [14]
[14:59:12][tick]Hero#Hero_0_1 hero.xml->BehaviorTree[65535]:update [running] [14]
[14:59:12][tick]Hero#Hero_0_1 hero.xml->FSM[65535]:update [running] [14]
[14:59:12][tick]Hero#Hero_0_1 hero.xml->State[14]:update [running] [15]
[14:59:12][tick]Enemy#Enemy_0_2 enemy_fsm.xml->BehaviorTree[65535]:update [running] [14]
[14:59:12][tick]Enemy#Enemy_0_2 enemy_fsm.xml->FSM[65535]:update [running] [14]
[14:59:12][tick]Enemy#Enemy_0_2 enemy_fsm.xml->WaitFramesState[16]:update [running] [20]
[14:59:13][frame]14
[14:59:13][tick]NPC#NPC_0_0 npc.xml->BehaviorTree[65535]:update [running] [15]
[14:59:13][tick]NPC#NPC_0_0 npc.xml->DecoratorLoop[5]:update [running] [15]
[14:59:13][tick]NPC#NPC_0_0 npc.xml->Parallel[9]:update [running] [15]
[14:59:13][tick]NPC#NPC_0_0 npc.xml->Sequence[7]:update [running] [15]
[14:59:13][tick]NPC#NPC_0_0 npc.xml->WaitFrames[8]:update [running] [15]
[14:59:13][tick]NPC#NPC_0_0 npc.xml->Sequence[10]:update [running] [15]
[14:59:13][tick]NPC#NPC_0_0 npc.xml->WaitFrames[12]:update [running] [15]
[14:59:13][tick]Hero#Hero_0_1 hero.xml->BehaviorTree[65535]:update [running] [15]
[14:59:13][tick]Hero#Hero_0_1 hero.xml->FSM[65535]:update [running] [15]
[14:59:13][tick]Hero#Hero_0_1 hero.xml->State[14]:update [running] [16]
[14:59:13][tick]Enemy#Enemy_0_2 enemy_fsm.xml->BehaviorTree[65535]:update [running] [15]
[14:59:13][tick]Enemy#Enemy_0_2 enemy_fsm.xml->FSM[65535]:update [running] [15]
[14:59:13][tick]Enemy#Enemy_0_2 enemy_fsm.xml->WaitFramesState[16]:update [running] [21]
[14:59:13][tick]Enemy#Enemy_0_2 enemy_fsm.xml->WaitFramesState[16]:transition [running] [7]
[14:59:13][tick]Enemy#Enemy_0_2 enemy_fsm.xml->WaitFramesState[16]:exit [success] [7]
[14:59:13][tick]Enemy#Enemy_0_2 enemy_fsm.xml->State[2]:enter [success] [8]
[14:59:13][tick]Enemy#Enemy_0_2 enemy_fsm.xml->State[2]:update [running] [8]
[14:59:13][tick]Enemy#Enemy_0_2 enemy_fsm.xml->State[2]:transition [running] [8]
[14:59:13][tick]Enemy#Enemy_0_2 enemy_fsm.xml->State[2]:exit [success] [8]
[14:59:13][tick]Enemy#Enemy_0_2 enemy_fsm.xml->WaitFramesState[16]:enter [success] [8]
[14:59:13][tick]Enemy#Enemy_0_2 enemy_fsm.xml->WaitFramesState[16]:update [running] [22]
[14:59:13][property]Enemy#Enemy_0_2 float randomSpeed->39.976692
[14:59:13][frame]15
[14:59:13][tick]NPC#NPC_0_0 npc.xml->BehaviorTree[65535]:update [running] [16]
[14:59:13][tick]NPC#NPC_0_0 npc.xml->DecoratorLoop[5]:update [running] [16]
[14:59:13][tick]NPC#NPC_0_0 npc.xml->Parallel[9]:update [running] [16]
[14:59:13][tick]NPC#NPC_0_0 npc.xml->Sequence[7]:update [running] [16]
[14:59:13][tick]NPC#NPC_0_0 npc.xml->WaitFrames[8]:update [running] [16]
[14:59:13][tick]NPC#NPC_0_0 npc.xml->Sequence[10]:update [running] [16]
[14:59:13][tick]NPC#NPC_0_0 npc.xml->WaitFrames[12]:update [running] [16]
[14:59:13][tick]Hero#Hero_0_1 hero.xml->BehaviorTree[65535]:update [running] [16]
[14:59:13][tick]Hero#Hero_0_1 hero.xml->FSM[65535]:update [running] [16]
[14:59:13][tick]Hero#Hero_0_1 hero.xml->State[14]:update [running] [17]
[14:59:13][tick]Enemy#Enemy_0_2 enemy_fsm.xml->BehaviorTree[65535]:update [running] [16]
[14:59:13][tick]Enemy#Enemy_0_2 enemy_fsm.xml->FSM[65535]:update [running] [16]
[14:59:13][tick]Enemy#Enemy_0_2 enemy_fsm.xml->WaitFramesState[16]:update [running] [23]
[14:59:13][frame]16
[14:59:13][tick]NPC#NPC_0_0 npc.xml->BehaviorTree[65535]:update [running] [17]
[14:59:13][tick]NPC#NPC_0_0 npc.xml->DecoratorLoop[5]:update [running] [17]
[14:59:13][tick]NPC#NPC_0_0 npc.xml->Parallel[9]:update [running] [17]
[14:59:13][tick]NPC#NPC_0_0 npc.xml->Sequence[7]:update [running] [17]
[14:59:13][tick]NPC#NPC_0_0 npc.xml->WaitFrames[8]:update [running] [17]
[14:59:13][tick]NPC#NPC_0_0 npc.xml->Sequence[10]:update [running] [17]
[14:59:13][tick]NPC#NPC_0_0 npc.xml->WaitFrames[12]:update [running] [17]
[14:59:13][tick]Hero#Hero_0_1 hero.xml->BehaviorTree[65535]:update [running] [17]
[14:59:13][tick]Hero#Hero_0_1 hero.xml->FSM[65535]:update [running] [17]
[14:59:13][tick]Hero#Hero_0_1 hero.xml->State[14]:update [running] [18]
[14:59:13][tick]Enemy#Enemy_0_2 enemy_fsm.xml->BehaviorTree[65535]:update [running] [17]
[14:59:13][tick]Enemy#Enemy_0_2 enemy_fsm.xml->FSM[65535]:update [running] [17]
[14:59:13][tick]Enemy#Enemy_0_2 enemy_fsm.xml->WaitFramesState[16]:update [running] [24]
[14:59:13][tick]Enemy#Enemy_0_2 enemy_fsm.xml->WaitFramesState[16]:transition [running] [8]
[14:59:13][tick]Enemy#Enemy_0_2 enemy_fsm.xml->WaitFramesState[16]:exit [success] [8]
[14:59:13][tick]Enemy#Enemy_0_2 enemy_fsm.xml->State[2]:enter [success] [9]
[14:59:13][tick]Enemy#Enemy_0_2 enemy_fsm.xml->State[2]:update [running] [9]
[14:59:13][tick]Enemy#Enemy_0_2 enemy_fsm.xml->State[2]:transition [running] [9]
[14:59:13][tick]Enemy#Enemy_0_2 enemy_fsm.xml->State[2]:exit [success] [9]
[14:59:13][tick]Enemy#Enemy_0_2 enemy_fsm.xml->WaitFramesState[16]:enter [success] [9]
[14:59:13][tick]Enemy#Enemy_0_2 enemy_fsm.xml->WaitFramesState[16]:update [running] [25]
[14:59:13][property]Enemy#Enemy_0_2 float randomSpeed->44.835056
[14:59:13][frame]17
[14:59:13][tick]NPC#NPC_0_0 npc.xml->BehaviorTree[65535]:update [running] [18]
[14:59:13][tick]NPC#NPC_0_0 npc.xml->DecoratorLoop[5]:update [running] [18]
[14:59:13][tick]NPC#NPC_0_0 npc.xml->Parallel[9]:update [running] [18]
[14:59:13][tick]NPC#NPC_0_0 npc.xml->Sequence[7]:update [running] [18]
[14:59:13][tick]NPC#NPC_0_0 npc.xml->WaitFrames[8]:update [running] [18]
[14:59:13][tick]NPC#NPC_0_0 npc.xml->Sequence[10]:update [running] [18]
[14:59:13][tick]NPC#NPC_0_0 npc.xml->WaitFrames[12]:update [running] [18]
[14:59:13][tick]Hero#Hero_0_1 hero.xml->BehaviorTree[65535]:update [running] [18]
[14:59:13][tick]Hero#Hero_0_1 hero.xml->FSM[65535]:update [running] [18]
[14:59:13][tick]Hero#Hero_0_1 hero.xml->State[14]:update [running] [19]
[14:59:13][tick]Enemy#Enemy_0_2 enemy_fsm.xml->BehaviorTree[65535]:update [running] [18]
[14:59:13][tick]Enemy#Enemy_0_2 enemy_fsm.xml->FSM[65535]:update [running] [18]
[14:59:13][tick]Enemy#Enemy_0_2 enemy_fsm.xml->WaitFramesState[16]:update [running] [26]
[14:59:13][frame]18
[14:59:13][tick]NPC#NPC_0_0 npc.xml->BehaviorTree[65535]:update [running] [19]
[14:59:13][tick]NPC#NPC_0_0 npc.xml->DecoratorLoop[5]:update [running] [19]
[14:59:13][tick]NPC#NPC_0_0 npc.xml->Parallel[9]:update [running] [19]
[14:59:13][tick]NPC#NPC_0_0 npc.xml->Sequence[7]:update [running] [19]
[14:59:13][tick]NPC#NPC_0_0 npc.xml->WaitFrames[8]:update [running] [19]
[14:59:13][tick]NPC#NPC_0_0 npc.xml->Sequence[10]:update [running] [19]
[14:59:13][tick]NPC#NPC_0_0 npc.xml->WaitFrames[12]:update [running] [19]
[14:59:13][tick]Hero#Hero_0_1 hero.xml->BehaviorTree[65535]:update [running] [19]
[14:59:13][tick]Hero#Hero_0_1 hero.xml->FSM[65535]:update [running] [19]
[14:59:13][tick]Hero#Hero_0_1 hero.xml->State[14]:update [running] [20]
[14:59:13][tick]Hero#Hero_0_1 hero.xml->State[14]:transition [running] [2]
[14:59:13][tick]Hero#Hero_0_1 hero.xml->State[14]:exit [success] [2]
[14:59:13][tick]Hero#Hero_0_1 hero.xml->State[1]:enter [success] [3]
[14:59:13][tick]Hero#Hero_0_1 hero.xml->State[1]:update [running] [3]
[14:59:13][tick]Hero#Hero_0_1 hero.xml->State[1]:transition [running] [3]
[14:59:13][tick]Hero#Hero_0_1 hero.xml->State[1]:exit [success] [3]
[14:59:13][tick]Hero#Hero_0_1 hero.xml->State[9]:enter [success] [3]
[14:59:13][tick]Hero#Hero_0_1 hero.xml->State[9]:update [running] [3]
[14:59:13][tick]Hero#Hero_0_1 hero.xml->State[9]:transition [running] [3]
[14:59:13][tick]Hero#Hero_0_1 hero.xml->State[9]:exit [success] [3]
[14:59:13][tick]Hero#Hero_0_1 hero.xml->State[10]:enter [success] [3]
[14:59:13][tick]Hero#Hero_0_1 hero.xml->State[10]:update [running] [3]
[14:59:13][tick]Hero#Hero_0_1 hero.xml->State[10]:transition [running] [3]
[14:59:13][tick]Hero#Hero_0_1 hero.xml->State[10]:exit [success] [3]
[14:59:13][tick]Hero#Hero_0_1 hero.xml->State[14]:enter [success] [3]
[14:59:13][tick]Hero#Hero_0_1 hero.xml->State[14]:update [running] [21]
[14:59:13][tick]Enemy#Enemy_0_2 enemy_fsm.xml->BehaviorTree[65535]:update [running] [19]
[14:59:13][tick]Enemy#Enemy_0_2 enemy_fsm.xml->FSM[65535]:update [running] [19]
[14:59:13][tick]Enemy#Enemy_0_2 enemy_fsm.xml->WaitFramesState[16]:update [running] [27]
[14:59:13][tick]Enemy#Enemy_0_2 enemy_fsm.xml->WaitFramesState[16]:transition [running] [9]
[14:59:13][tick]Enemy#Enemy_0_2 enemy_fsm.xml->WaitFramesState[16]:exit [success] [9]
[14:59:13][tick]Enemy#Enemy_0_2 enemy_fsm.xml->State[2]:enter [success] [10]
[14:59:13][tick]Enemy#Enemy_0_2 enemy_fsm.xml->State[2]:update [running] [10]
[14:59:13][tick]Enemy#Enemy_0_2 enemy_fsm.xml->State[2]:transition [running] [10]
[14:59:13][tick]Enemy#Enemy_0_2 enemy_fsm.xml->State[2]:exit [success] [10]
[14:59:13][tick]Enemy#Enemy_0_2 enemy_fsm.xml->WaitFramesState[16]:enter [success] [10]
[14:59:13][tick]Enemy#Enemy_0_2 enemy_fsm.xml->WaitFramesState[16]:update [running] [28]
[14:59:13][property]Enemy#Enemy_0_2 float randomSpeed->45.312119
[14:59:13][frame]19
[14:59:13][tick]NPC#NPC_0_0 npc.xml->BehaviorTree[65535]:update [running] [20]
[14:59:13][tick]NPC#NPC_0_0 npc.xml->DecoratorLoop[5]:update [running] [20]
[14:59:13][tick]NPC#NPC_0_0 npc.xml->Parallel[9]:update [running] [20]
[14:59:13][tick]NPC#NPC_0_0 npc.xml->Sequence[7]:update [running] [20]
[14:59:13][tick]NPC#NPC_0_0 npc.xml->WaitFrames[8]:update [running] [20]
[14:59:13][tick]NPC#NPC_0_0 npc.xml->WaitFrames[8]:exit [success] [1]
[14:59:13][tick]NPC#NPC_0_0 npc.xml->Sequence[7]:exit [success] [1]
[14:59:13][tick]NPC#NPC_0_0 npc.xml->Sequence[10]:update [running] [20]
[14:59:13][tick]NPC#NPC_0_0 npc.xml->WaitFrames[12]:update [running] [20]
[14:59:13][tick]Hero#Hero_0_1 hero.xml->BehaviorTree[65535]:update [running] [20]
[14:59:13][tick]Hero#Hero_0_1 hero.xml->FSM[65535]:update [running] [20]
[14:59:13][tick]Hero#Hero_0_1 hero.xml->State[14]:update [running] [22]
[14:59:13][tick]Enemy#Enemy_0_2 enemy_fsm.xml->BehaviorTree[65535]:update [running] [20]
[14:59:13][tick]Enemy#Enemy_0_2 enemy_fsm.xml->FSM[65535]:update [running] [20]
[14:59:13][tick]Enemy#Enemy_0_2 enemy_fsm.xml->WaitFramesState[16]:update [running] [29]
[14:59:13][frame]20
[14:59:13][tick]NPC#NPC_0_0 npc.xml->BehaviorTree[65535]:update [running] [21]
[14:59:13][tick]NPC#NPC_0_0 npc.xml->DecoratorLoop[5]:update [running] [21]
[14:59:13][tick]NPC#NPC_0_0 npc.xml->Parallel[9]:update [running] [21]
[14:59:13][tick]NPC#NPC_0_0 npc.xml->Sequence[7]:enter [success] [2]
[14:59:13][tick]NPC#NPC_0_0 npc.xml->Sequence[7]:update [running] [21]
[14:59:13][tick]NPC#NPC_0_0 npc.xml->Action[6]:enter [success] [2]
[14:59:13][tick]NPC#NPC_0_0 npc.xml->Action[6]:update [running] [2]
[14:59:13][tick]NPC#NPC_0_0 npc.xml->Action[6]:exit [success] [2]
[14:59:13][tick]NPC#NPC_0_0 npc.xml->WaitFrames[8]:enter [success] [2]
[14:59:13][tick]NPC#NPC_0_0 npc.xml->WaitFrames[8]:update [running] [21]
[14:59:13][tick]NPC#NPC_0_0 npc.xml->Sequence[10]:update [running] [21]
[14:59:13][tick]NPC#NPC_0_0 npc.xml->WaitFrames[12]:update [running] [21]
[14:59:13][tick]Hero#Hero_0_1 hero.xml->BehaviorTree[65535]:update [running] [21]
[14:59:13][tick]Hero#Hero_0_1 hero.xml->FSM[65535]:update [running] [21]
[14:59:13][tick]Hero#Hero_0_1 hero.xml->State[14]:update [running] [23]
[14:59:13][tick]Enemy#Enemy_0_2 enemy_fsm.xml->BehaviorTree[65535]:update [running] [21]
[14:59:13][tick]Enemy#Enemy_0_2 enemy_fsm.xml->FSM[65535]:update [running] [21]
[14:59:13][tick]Enemy#Enemy_0_2 enemy_fsm.xml->WaitFramesState[16]:update [running] [30]
[14:59:13][tick]Enemy#Enemy_0_2 enemy_fsm.xml->WaitFramesState[16]:transition [running] [10]
[14:59:13][tick]Enemy#Enemy_0_2 enemy_fsm.xml->WaitFramesState[16]:exit [success] [10]
[14:59:13][tick]Enemy#Enemy_0_2 enemy_fsm.xml->State[2]:enter [success] [11]
[14:59:13][tick]Enemy#Enemy_0_2 enemy_fsm.xml->State[2]:update [running] [11]
[14:59:13][tick]Enemy#Enemy_0_2 enemy_fsm.xml->State[2]:transition [running] [11]
[14:59:13][tick]Enemy#Enemy_0_2 enemy_fsm.xml->State[2]:exit [success] [11]
[14:59:13][tick]Enemy#Enemy_0_2 enemy_fsm.xml->State[19]:enter [success] [1]
[14:59:13][tick]Enemy#Enemy_0_2 enemy_fsm.xml->State[19]:update [running] [1]
[14:59:13][property]Enemy#Enemy_0_2 float randomSpeed->32.169315
[14:59:13][jump]Enemy#Enemy_1_3 enemy_fsm.xml
[14:59:13][tick]Enemy#Enemy_1_3 enemy_fsm.xml->BehaviorTree[65535]:enter [success] [2]
[14:59:13][tick]Enemy#Enemy_1_3 enemy_fsm.xml->BehaviorTree[65535]:update [running] [22]
[14:59:13][tick]Enemy#Enemy_1_3 enemy_fsm.xml->FSM[65535]:enter [success] [2]
[14:59:13][tick]Enemy#Enemy_1_3 enemy_fsm.xml->FSM[65535]:update [running] [22]
[14:59:13][tick]Enemy#Enemy_1_3 enemy_fsm.xml->State[1]:enter [success] [2]
[14:59:13][tick]Enemy#Enemy_1_3 enemy_fsm.xml->State[1]:update [running] [2]
[14:59:13][tick]Enemy#Enemy_1_3 enemy_fsm.xml->State[1]:transition [running] [2]
[14:59:13][tick]Enemy#Enemy_1_3 enemy_fsm.xml->State[1]:exit [success] [2]
[14:59:13][tick]Enemy#Enemy_1_3 enemy_fsm.xml->State[2]:enter [success] [12]
[14:59:13][tick]Enemy#Enemy_1_3 enemy_fsm.xml->State[2]:update [running] [12]
[14:59:13][tick]Enemy#Enemy_1_3 enemy_fsm.xml->State[2]:transition [running] [12]
[14:59:13][tick]Enemy#Enemy_1_3 enemy_fsm.xml->State[2]:exit [success] [12]
[14:59:13][tick]Enemy#Enemy_1_3 enemy_fsm.xml->WaitFramesState[16]:enter [success] [11]
[14:59:13][tick]Enemy#Enemy_1_3 enemy_fsm.xml->WaitFramesState[16]:update [running] [31]
[14:59:13][property]Enemy#Enemy_1_3 int enemyType->0
[14:59:13][property]Enemy#Enemy_1_3 int frameCount->0
[14:59:13][property]Enemy#Enemy_1_3 vector<float> m_init_speed->4:50.000000|50.000000|100.000000|150.000000|
[14:59:13][property]Enemy#Enemy_1_3 float initSpeed->50.000000
[14:59:13][property]Enemy#Enemy_1_3 float randomSpeed->42.550934
[14:59:13][frame]21
[14:59:13][tick]NPC#NPC_0_0 npc.xml->BehaviorTree[65535]:update [running] [22]
[14:59:13][tick]NPC#NPC_0_0 npc.xml->DecoratorLoop[5]:update [running] [22]
[14:59:13][tick]NPC#NPC_0_0 npc.xml->Parallel[9]:update [running] [22]
[14:59:13][tick]NPC#NPC_0_0 npc.xml->Sequence[7]:update [running] [22]
[14:59:13][tick]NPC#NPC_0_0 npc.xml->WaitFrames[8]:update [running] [22]
[14:59:13][tick]NPC#NPC_0_0 npc.xml->Sequence[10]:update [running] [22]
[14:59:13][tick]NPC#NPC_0_0 npc.xml->WaitFrames[12]:update [running] [22]
[14:59:13][tick]Hero#Hero_0_1 hero.xml->BehaviorTree[65535]:update [running] [22]
[14:59:13][tick]Hero#Hero_0_1 hero.xml->FSM[65535]:update [running] [22]
[14:59:13][tick]Hero#Hero_0_1 hero.xml->State[14]:update [running] [24]
[14:59:13][tick]Enemy#Enemy_1_3 enemy_fsm.xml->BehaviorTree[65535]:update [running] [23]
[14:59:13][tick]Enemy#Enemy_1_3 enemy_fsm.xml->FSM[65535]:update [running] [23]
[14:59:13][tick]Enemy#Enemy_1_3 enemy_fsm.xml->WaitFramesState[16]:update [running] [32]
[14:59:13][frame]22
[14:59:13][tick]NPC#NPC_0_0 npc.xml->BehaviorTree[65535]:update [running] [23]
[14:59:13][tick]NPC#NPC_0_0 npc.xml->DecoratorLoop[5]:update [running] [23]
[14:59:13][tick]NPC#NPC_0_0 npc.xml->Parallel[9]:update [running] [23]
[14:59:13][tick]NPC#NPC_0_0 npc.xml->Sequence[7]:update [running] [23]
[14:59:13][tick]NPC#NPC_0_0 npc.xml->WaitFrames[8]:update [running] [23]
[14:59:13][tick]NPC#NPC_0_0 npc.xml->Sequence[10]:update [running] [23]
[14:59:13][tick]NPC#NPC_0_0 npc.xml->WaitFrames[12]:update [running] [23]
[14:59:13][tick]Hero#Hero_0_1 hero.xml->BehaviorTree[65535]:update [running] [23]
[14:59:13][tick]Hero#Hero_0_1 hero.xml->FSM[65535]:update [running] [23]
[14:59:13][tick]Hero#Hero_0_1 hero.xml->State[14]:update [running] [25]
[14:59:13][tick]Enemy#Enemy_1_3 enemy_fsm.xml->BehaviorTree[65535]:update [running] [24]
[14:59:13][tick]Enemy#Enemy_1_3 enemy_fsm.xml->FSM[65535]:update [running] [24]
[14:59:13][tick]Enemy#Enemy_1_3 enemy_fsm.xml->WaitFramesState[16]:update [running] [33]
[14:59:13][tick]Enemy#Enemy_1_3 enemy_fsm.xml->WaitFramesState[16]:transition [running] [11]
[14:59:13][tick]Enemy#Enemy_1_3 enemy_fsm.xml->WaitFramesState[16]:exit [success] [11]
[14:59:13][tick]Enemy#Enemy_1_3 enemy_fsm.xml->State[2]:enter [success] [13]
[14:59:13][tick]Enemy#Enemy_1_3 enemy_fsm.xml->State[2]:update [running] [13]
[14:59:13][tick]Enemy#Enemy_1_3 enemy_fsm.xml->State[2]:transition [running] [13]
[14:59:13][tick]Enemy#Enemy_1_3 enemy_fsm.xml->State[2]:exit [success] [13]
[14:59:13][tick]Enemy#Enemy_1_3 enemy_fsm.xml->WaitFramesState[16]:enter [success] [12]
[14:59:13][tick]Enemy#Enemy_1_3 enemy_fsm.xml->WaitFramesState[16]:update [running] [34]
[14:59:13][property]Enemy#Enemy_1_3 float randomSpeed->51.930767
